[debug] [2020-06-06T00:53:14.295Z] ----------------------------------------------------------------------
[debug] [2020-06-06T00:53:14.299Z] Command:       C:\Program Files\nodejs\node.exe C:\Users\Alvin\AppData\Roaming\npm\node_modules\firebase-tools\lib\bin\firebase.js login
[debug] [2020-06-06T00:53:14.300Z] CLI Version:   8.4.2
[debug] [2020-06-06T00:53:14.300Z] Platform:      win32
[debug] [2020-06-06T00:53:14.300Z] Node Version:  v12.16.1
[debug] [2020-06-06T00:53:14.302Z] Time:          Sat Jun 06 2020 08:53:14 GMT+0800 (China Standard Time)
[debug] [2020-06-06T00:53:14.302Z] ----------------------------------------------------------------------
[debug] [2020-06-06T00:53:14.303Z] 
[info] i  Firebase optionally collects CLI usage and error reporting information to help improve our products. Data is collected in accordance with Google's privacy policy (https://policies.google.com/privacy) and is not used to identify you.
 
[info] i  To change your data collection preference at any time, run `firebase logout` and log in again. 
[info] 
[info] Visit this URL on this device to log in:
[info] https://accounts.google.com/o/oauth2/auth?client_id=563584335869-fgrhgmd47bqnekij5i8b5pr03ho849e6.apps.googleusercontent.com&scope=email%20openid%20https%3A%2F%2Fwww.googleapis.com%2Fauth%2Fcloudplatformprojects.readonly%20https%3A%2F%2Fwww.googleapis.com%2Fauth%2Ffirebase%20https%3A%2F%2Fwww.googleapis.com%2Fauth%2Fcloud-platform&response_type=code&state=615615228&redirect_uri=http%3A%2F%2Flocalhost%3A9005
[info] 
[info] Waiting for authentication...
[debug] [2020-06-06T00:53:23.252Z] Error: spawn cmd ENOENT
    at Process.ChildProcess._handle.onexit (internal/child_process.js:267:19)
    at onErrorNT (internal/child_process.js:469:16)
    at processTicksAndRejections (internal/process/task_queues.js:84:21)
[error] 
[error] Error: An unexpected error has occurred.
